Build started 6/2/2015 11:09:27 AM.
     1>Project "C:\Users\Denis\documents\visual studio 2013\Projects\TimeCalendar\TimeCalendar\TimeCalendar.vcxproj" on node 2 (Rebuild target(s)).
     1>ClCompile:
         C:\Program Files (x86)\Microsoft Visual Studio 12.0\VC\bin\CL.exe /c /ZI /nologo /W3 /WX- /sdl /Od /Oy- /D _MBCS /Gm /EHsc /RTC1 /MDd /GS /fp:precise /Zc:wchar_t /Zc:forScope /Fo"Debug\\" /Fd"Debug\vc120.pdb" /Gd /TP /analyze- /errorReport:prompt cDate_t.cpp cTime_t.cpp main.cpp ObserverPattern.cpp
         ObserverPattern.cpp
         main.cpp
         cTime_t.cpp
         cDate_t.cpp
         Generating Code...
       Link:
         C:\Program Files (x86)\Microsoft Visual Studio 12.0\VC\bin\link.exe /ERRORREPORT:PROMPT /OUT:"C:\Users\Denis\documents\visual studio 2013\Projects\TimeCalendar\Debug\TimeCalendar.exe" /INCREMENTAL /NOLOGO kernel32.lib user32.lib gdi32.lib winspool.lib comdlg32.lib advapi32.lib shell32.lib ole32.lib oleaut32.lib uuid.lib odbc32.lib odbccp32.lib /MANIFEST /MANIFESTUAC:"level='asInvoker' uiAccess='false'" /manifest:embed /DEBUG /PDB:"C:\Users\Denis\documents\visual studio 2013\Projects\TimeCalendar\Debug\TimeCalendar.pdb" /TLBID:1 /DYNAMICBASE /NXCOMPAT /IMPLIB:"C:\Users\Denis\documents\visual studio 2013\Projects\TimeCalendar\Debug\TimeCalendar.lib" /MACHINE:X86 Debug\cDate_t.obj
         Debug\cTime_t.obj
         Debug\main.obj
         Debug\ObserverPattern.obj
     1>cDate_t.obj : error LNK2001: unresolved external symbol "public: virtual class std::basic_ostream<char,struct std::char_traits<char> > & __thiscall cDate_t::print(class std::basic_ostream<char,struct std::char_traits<char> > &,enum cDate_t::PrintFormat const &)const " (?print@cDate_t@@UBEAAV?$basic_ostream@DU?$char_traits@D@std@@@std@@AAV23@ABW4PrintFormat@1@@Z)
     1>cDate_t.obj : error LNK2019: unresolved external symbol "public: __thiscall cDateBasicImpl::cDateBasicImpl(void)" (??0cDateBasicImpl@@QAE@XZ) referenced in function "public: __thiscall cDate_t::cDate_t(void)" (??0cDate_t@@QAE@XZ)
     1>cDate_t.obj : error LNK2019: unresolved external symbol "public: __thiscall cDateBasicImpl::cDateBasicImpl(unsigned int,unsigned int,unsigned int)" (??0cDateBasicImpl@@QAE@III@Z) referenced in function "public: __thiscall cDate_t::cDate_t(unsigned int,unsigned int,unsigned int)" (??0cDate_t@@QAE@III@Z)
     1>C:\Users\Denis\documents\visual studio 2013\Projects\TimeCalendar\Debug\TimeCalendar.exe : fatal error LNK1120: 3 unresolved externals
     1>Done Building Project "C:\Users\Denis\documents\visual studio 2013\Projects\TimeCalendar\TimeCalendar\TimeCalendar.vcxproj" (Rebuild target(s)) -- FAILED.

Build FAILED.

Time Elapsed 00:00:01.81
